<?xml version="1.0" encoding="UTF-8" ?>
<testsuites disabled="0" errors="0" failures="4" tests="9" time="53.486">
 <testsuite name="Login Functionality" timestamp="2024-06-28T16:42:13" hostname="localhost" time="34.725" errors="0" tests="1" skipped="0" disabled="0" failures="0">
  <testcase classname="Login Functionality" name="should open the login form, enter credentials, and log in with custom headers" time="12.688" />
 </testsuite>
 <testsuite name="Login Functionality.Navigation to Transaction Page" timestamp="2024-06-28T16:42:29" hostname="localhost" time="9.739" errors="0" tests="4" skipped="0" disabled="0" failures="4">
  <testcase classname="Login Functionality.Navigation to Transaction Page" name="should navigate to the dashboard page" time="3.294" />
  <testcase classname="Login Functionality.Navigation to Transaction Page" name="should click on the current account" time="1.563" />
  <testcase classname="Login Functionality.Navigation to Transaction Page" name="should ensure redirection to the transaction page" time="2.381" />
  <testcase classname="Login Functionality.Navigation to Transaction Page" name="should verify balance in the transaction history table is not zero" time="2.499">
   <failure type="toBe" message="Expected 0 not to be 0, &apos;Balance is displayed as zero for transaction row 1&apos;."><![CDATA[Error: Failed expectation
    at UserContext.<anonymous> (C:\Users\sandhata\shirisha dodla\UI_testing_nextgen\Nextgen_test\src\e2e-spec.ts:99:14)
    at processTicksAndRejections (node:internal/process/task_queues:95:5)]]>
   </failure>
   <failure type="toBe" message="Expected 0 not to be 0, &apos;Balance is displayed as zero for transaction row 2&apos;."><![CDATA[Error: Failed expectation
    at UserContext.<anonymous> (C:\Users\sandhata\shirisha dodla\UI_testing_nextgen\Nextgen_test\src\e2e-spec.ts:99:14)
    at processTicksAndRejections (node:internal/process/task_queues:95:5)]]>
   </failure>
   <failure type="toBe" message="Expected 0 not to be 0, &apos;Balance is displayed as zero for transaction row 3&apos;."><![CDATA[Error: Failed expectation
    at UserContext.<anonymous> (C:\Users\sandhata\shirisha dodla\UI_testing_nextgen\Nextgen_test\src\e2e-spec.ts:99:14)
    at processTicksAndRejections (node:internal/process/task_queues:95:5)]]>
   </failure>
   <failure type="toBe" message="Expected 0 not to be 0, &apos;Balance is displayed as zero for transaction row 4&apos;."><![CDATA[Error: Failed expectation
    at UserContext.<anonymous> (C:\Users\sandhata\shirisha dodla\UI_testing_nextgen\Nextgen_test\src\e2e-spec.ts:99:14)
    at processTicksAndRejections (node:internal/process/task_queues:95:5)]]>
   </failure>
  </testcase>
 </testsuite>
 <testsuite name="Login Functionality.Back Button Functionality" timestamp="2024-06-28T16:42:39" hostname="localhost" time="5.652" errors="0" tests="2" skipped="0" disabled="0" failures="0">
  <testcase classname="Login Functionality.Back Button Functionality" name="should navigate to the transaction page" time="3.87" />
  <testcase classname="Login Functionality.Back Button Functionality" name="should click the back button and ensure redirection back to the dashboard page" time="1.781" />
 </testsuite>
 <testsuite name="Login Functionality.Logout Functionality" timestamp="2024-06-28T16:42:44" hostname="localhost" time="3.37" errors="0" tests="2" skipped="0" disabled="0" failures="0">
  <testcase classname="Login Functionality.Logout Functionality" name="should have a logout button that is clickable" time="1.667" />
  <testcase classname="Login Functionality.Logout Functionality" name="should log out and redirect to the login page" time="1.701" />
 </testsuite>
</testsuites>